Error during retrieval: Error: Unknown column 'addactiv' in 'WHERE'
    at Packet.asError (/home/injfbzag/nodevenv/api.earn4u.info/14/lib/node_modules/mysql2/lib/packets/packet.js:740:17)
    at Query.execute (/home/injfbzag/nodevenv/api.earn4u.info/14/lib/node_modules/mysql2/lib/commands/command.js:29:26)
    at Connection.handlePacket (/home/injfbzag/nodevenv/api.earn4u.info/14/lib/node_modules/mysql2/lib/base/connection.js:475:34)
    at PacketParser.onPacket (/home/injfbzag/nodevenv/api.earn4u.info/14/lib/node_modules/mysql2/lib/base/connection.js:93:12)
    at PacketParser.executeStart (/home/injfbzag/nodevenv/api.earn4u.info/14/lib/node_modules/mysql2/lib/packet_parser.js:75:16)
    at Socket.<anonymous> (/home/injfbzag/nodevenv/api.earn4u.info/14/lib/node_modules/mysql2/lib/base/connection.js:100:25)
    at Socket.emit (events.js:400:28)
    at addChunk (internal/streams/readable.js:293:12)
    at readableAddChunk (internal/streams/readable.js:267:9)
    at Socket.Readable.push (internal/streams/readable.js:206:10) {
  code: 'ER_BAD_FIELD_ERROR',
  errno: 1054,
  sqlState: '42S22',
  sqlMessage: "Unknown column 'addactiv' in 'WHERE'",
  sql: 'SELECT * FROM plans where id=addactiv'
}
Error during retrieval: Error: Unknown column 'addinvestlevel' in 'WHERE'
    at Packet.asError (/home/injfbzag/nodevenv/api.earn4u.info/14/lib/node_modules/mysql2/lib/packets/packet.js:740:17)
    at Query.execute (/home/injfbzag/nodevenv/api.earn4u.info/14/lib/node_modules/mysql2/lib/commands/command.js:29:26)
    at Connection.handlePacket (/home/injfbzag/nodevenv/api.earn4u.info/14/lib/node_modules/mysql2/lib/base/connection.js:475:34)
    at PacketParser.onPacket (/home/injfbzag/nodevenv/api.earn4u.info/14/lib/node_modules/mysql2/lib/base/connection.js:93:12)
    at PacketParser.executeStart (/home/injfbzag/nodevenv/api.earn4u.info/14/lib/node_modules/mysql2/lib/packet_parser.js:75:16)
    at Socket.<anonymous> (/home/injfbzag/nodevenv/api.earn4u.info/14/lib/node_modules/mysql2/lib/base/connection.js:100:25)
    at Socket.emit (events.js:400:28)
    at addChunk (internal/streams/readable.js:293:12)
    at readableAddChunk (internal/streams/readable.js:267:9)
    at Socket.Readable.push (internal/streams/readable.js:206:10) {
  code: 'ER_BAD_FIELD_ERROR',
  errno: 1054,
  sqlState: '42S22',
  sqlMessage: "Unknown column 'addinvestlevel' in 'WHERE'",
  sql: 'SELECT * FROM plans where id=addinvestlevel'
}
Error fetching users: Error: Unknown column 'cto' in 'SELECT'
    at Packet.asError (/home/injfbzag/nodevenv/api.earn4u.info/14/lib/node_modules/mysql2/lib/packets/packet.js:740:17)
    at Query.execute (/home/injfbzag/nodevenv/api.earn4u.info/14/lib/node_modules/mysql2/lib/commands/command.js:29:26)
    at Connection.handlePacket (/home/injfbzag/nodevenv/api.earn4u.info/14/lib/node_modules/mysql2/lib/base/connection.js:475:34)
    at PacketParser.onPacket (/home/injfbzag/nodevenv/api.earn4u.info/14/lib/node_modules/mysql2/lib/base/connection.js:93:12)
    at PacketParser.executeStart (/home/injfbzag/nodevenv/api.earn4u.info/14/lib/node_modules/mysql2/lib/packet_parser.js:75:16)
    at Socket.<anonymous> (/home/injfbzag/nodevenv/api.earn4u.info/14/lib/node_modules/mysql2/lib/base/connection.js:100:25)
    at Socket.emit (events.js:400:28)
    at addChunk (internal/streams/readable.js:293:12)
    at readableAddChunk (internal/streams/readable.js:267:9)
    at Socket.Readable.push (internal/streams/readable.js:206:10) {
  code: 'ER_BAD_FIELD_ERROR',
  errno: 1054,
  sqlState: '42S22',
  sqlMessage: "Unknown column 'cto' in 'SELECT'",
  sql: "SELECT id, reffer_by, refferal_code, active_plan, created_at, cto FROM users WHERE cto = 'false'"
}
Error in CTO calculation: Error: Error fetching users!
    at Query.onResult (/home/injfbzag/api.earn4u.info/controllers/ctoController.js:13:23)
    at Query.execute (/home/injfbzag/nodevenv/api.earn4u.info/14/lib/node_modules/mysql2/lib/commands/command.js:36:14)
    at Connection.handlePacket (/home/injfbzag/nodevenv/api.earn4u.info/14/lib/node_modules/mysql2/lib/base/connection.js:475:34)
    at PacketParser.onPacket (/home/injfbzag/nodevenv/api.earn4u.info/14/lib/node_modules/mysql2/lib/base/connection.js:93:12)
    at PacketParser.executeStart (/home/injfbzag/nodevenv/api.earn4u.info/14/lib/node_modules/mysql2/lib/packet_parser.js:75:16)
    at Socket.<anonymous> (/home/injfbzag/nodevenv/api.earn4u.info/14/lib/node_modules/mysql2/lib/base/connection.js:100:25)
    at Socket.emit (events.js:400:28)
    at addChunk (internal/streams/readable.js:293:12)
    at readableAddChunk (internal/streams/readable.js:267:9)
    at Socket.Readable.push (internal/streams/readable.js:206:10)
Error during retrieval: Error: You have an error in your SQL syntax; check the manual that corresponds to your MariaDB server version for the right syntax to use near 'add' at line 1
    at Packet.asError (/home/injfbzag/nodevenv/api.earn4u.info/14/lib/node_modules/mysql2/lib/packets/packet.js:740:17)
    at Query.execute (/home/injfbzag/nodevenv/api.earn4u.info/14/lib/node_modules/mysql2/lib/commands/command.js:29:26)
    at Connection.handlePacket (/home/injfbzag/nodevenv/api.earn4u.info/14/lib/node_modules/mysql2/lib/base/connection.js:475:34)
    at PacketParser.onPacket (/home/injfbzag/nodevenv/api.earn4u.info/14/lib/node_modules/mysql2/lib/base/connection.js:93:12)
    at PacketParser.executeStart (/home/injfbzag/nodevenv/api.earn4u.info/14/lib/node_modules/mysql2/lib/packet_parser.js:75:16)
    at Socket.<anonymous> (/home/injfbzag/nodevenv/api.earn4u.info/14/lib/node_modules/mysql2/lib/base/connection.js:100:25)
    at Socket.emit (events.js:400:28)
    at addChunk (internal/streams/readable.js:293:12)
    at readableAddChunk (internal/streams/readable.js:267:9)
    at Socket.Readable.push (internal/streams/readable.js:206:10) {
  code: 'ER_PARSE_ERROR',
  errno: 1064,
  sqlState: '42000',
  sqlMessage: "You have an error in your SQL syntax; check the manual that corresponds to your MariaDB server version for the right syntax to use near 'add' at line 1",
  sql: 'SELECT * FROM activation_plan where id=add'
}
Error fetching users: Error: Unknown column 'cto' in 'SELECT'
    at Packet.asError (/home/injfbzag/nodevenv/api.earn4u.info/14/lib/node_modules/mysql2/lib/packets/packet.js:740:17)
    at Query.execute (/home/injfbzag/nodevenv/api.earn4u.info/14/lib/node_modules/mysql2/lib/commands/command.js:29:26)
    at Connection.handlePacket (/home/injfbzag/nodevenv/api.earn4u.info/14/lib/node_modules/mysql2/lib/base/connection.js:475:34)
    at PacketParser.onPacket (/home/injfbzag/nodevenv/api.earn4u.info/14/lib/node_modules/mysql2/lib/base/connection.js:93:12)
    at PacketParser.executeStart (/home/injfbzag/nodevenv/api.earn4u.info/14/lib/node_modules/mysql2/lib/packet_parser.js:75:16)
    at Socket.<anonymous> (/home/injfbzag/nodevenv/api.earn4u.info/14/lib/node_modules/mysql2/lib/base/connection.js:100:25)
    at Socket.emit (events.js:400:28)
    at addChunk (internal/streams/readable.js:293:12)
    at readableAddChunk (internal/streams/readable.js:267:9)
    at Socket.Readable.push (internal/streams/readable.js:206:10) {
  code: 'ER_BAD_FIELD_ERROR',
  errno: 1054,
  sqlState: '42S22',
  sqlMessage: "Unknown column 'cto' in 'SELECT'",
  sql: "SELECT id, reffer_by, refferal_code, active_plan, created_at, cto FROM users WHERE cto = 'false'"
}
Error in CTO calculation: Error: Error fetching users!
    at Query.onResult (/home/injfbzag/api.earn4u.info/controllers/ctoController.js:13:23)
    at Query.execute (/home/injfbzag/nodevenv/api.earn4u.info/14/lib/node_modules/mysql2/lib/commands/command.js:36:14)
    at Connection.handlePacket (/home/injfbzag/nodevenv/api.earn4u.info/14/lib/node_modules/mysql2/lib/base/connection.js:475:34)
    at PacketParser.onPacket (/home/injfbzag/nodevenv/api.earn4u.info/14/lib/node_modules/mysql2/lib/base/connection.js:93:12)
    at PacketParser.executeStart (/home/injfbzag/nodevenv/api.earn4u.info/14/lib/node_modules/mysql2/lib/packet_parser.js:75:16)
    at Socket.<anonymous> (/home/injfbzag/nodevenv/api.earn4u.info/14/lib/node_modules/mysql2/lib/base/connection.js:100:25)
    at Socket.emit (events.js:400:28)
    at addChunk (internal/streams/readable.js:293:12)
    at readableAddChunk (internal/streams/readable.js:267:9)
    at Socket.Readable.push (internal/streams/readable.js:206:10)
Error during retrieval: Error: You have an error in your SQL syntax; check the manual that corresponds to your MariaDB server version for the right syntax to use near 'add' at line 1
    at Packet.asError (/home/injfbzag/nodevenv/api.earn4u.info/14/lib/node_modules/mysql2/lib/packets/packet.js:740:17)
    at Query.execute (/home/injfbzag/nodevenv/api.earn4u.info/14/lib/node_modules/mysql2/lib/commands/command.js:29:26)
    at Connection.handlePacket (/home/injfbzag/nodevenv/api.earn4u.info/14/lib/node_modules/mysql2/lib/base/connection.js:475:34)
    at PacketParser.onPacket (/home/injfbzag/nodevenv/api.earn4u.info/14/lib/node_modules/mysql2/lib/base/connection.js:93:12)
    at PacketParser.executeStart (/home/injfbzag/nodevenv/api.earn4u.info/14/lib/node_modules/mysql2/lib/packet_parser.js:75:16)
    at Socket.<anonymous> (/home/injfbzag/nodevenv/api.earn4u.info/14/lib/node_modules/mysql2/lib/base/connection.js:100:25)
    at Socket.emit (events.js:400:28)
    at addChunk (internal/streams/readable.js:293:12)
    at readableAddChunk (internal/streams/readable.js:267:9)
    at Socket.Readable.push (internal/streams/readable.js:206:10) {
  code: 'ER_PARSE_ERROR',
  errno: 1064,
  sqlState: '42000',
  sqlMessage: "You have an error in your SQL syntax; check the manual that corresponds to your MariaDB server version for the right syntax to use near 'add' at line 1",
  sql: 'SELECT * FROM plans where id=add'
}
Error fetching activation_plan: Error: Table 'injfbzag_earn4u.activation_plan' doesn't exist
    at Packet.asError (/home/injfbzag/nodevenv/api.earn4u.info/14/lib/node_modules/mysql2/lib/packets/packet.js:740:17)
    at Query.execute (/home/injfbzag/nodevenv/api.earn4u.info/14/lib/node_modules/mysql2/lib/commands/command.js:29:26)
    at Connection.handlePacket (/home/injfbzag/nodevenv/api.earn4u.info/14/lib/node_modules/mysql2/lib/base/connection.js:475:34)
    at PacketParser.onPacket (/home/injfbzag/nodevenv/api.earn4u.info/14/lib/node_modules/mysql2/lib/base/connection.js:93:12)
    at PacketParser.executeStart (/home/injfbzag/nodevenv/api.earn4u.info/14/lib/node_modules/mysql2/lib/packet_parser.js:75:16)
    at Socket.<anonymous> (/home/injfbzag/nodevenv/api.earn4u.info/14/lib/node_modules/mysql2/lib/base/connection.js:100:25)
    at Socket.emit (events.js:400:28)
    at addChunk (internal/streams/readable.js:293:12)
    at readableAddChunk (internal/streams/readable.js:267:9)
    at Socket.Readable.push (internal/streams/readable.js:206:10) {
  code: 'ER_NO_SUCH_TABLE',
  errno: 1146,
  sqlState: '42S02',
  sqlMessage: "Table 'injfbzag_earn4u.activation_plan' doesn't exist",
  sql: 'SELECT * FROM activation_plan'
}
Error sending reset password email: Error: Invalid login: 535-5.7.8 Username and Password not accepted. For more information, go to
535 5.7.8  https://support.google.com/mail/?p=BadCredentials d9443c01a7336-220d545c897sm130352125ad.118 - gsmtp
    at SMTPConnection._formatError (/home/injfbzag/nodevenv/api.earn4u.info/14/lib/node_modules/nodemailer/lib/smtp-connection/index.js:809:19)
    at SMTPConnection._actionAUTHComplete (/home/injfbzag/nodevenv/api.earn4u.info/14/lib/node_modules/nodemailer/lib/smtp-connection/index.js:1588:34)
    at SMTPConnection.<anonymous> (/home/injfbzag/nodevenv/api.earn4u.info/14/lib/node_modules/nodemailer/lib/smtp-connection/index.js:556:26)
    at SMTPConnection._processResponse (/home/injfbzag/nodevenv/api.earn4u.info/14/lib/node_modules/nodemailer/lib/smtp-connection/index.js:993:20)
    at SMTPConnection._onData (/home/injfbzag/nodevenv/api.earn4u.info/14/lib/node_modules/nodemailer/lib/smtp-connection/index.js:774:14)
    at TLSSocket.SMTPConnection._onSocketData (/home/injfbzag/nodevenv/api.earn4u.info/14/lib/node_modules/nodemailer/lib/smtp-connection/index.js:195:44)
    at TLSSocket.emit (events.js:400:28)
    at addChunk (internal/streams/readable.js:293:12)
    at readableAddChunk (internal/streams/readable.js:267:9)
    at TLSSocket.Readable.push (internal/streams/readable.js:206:10) {
  code: 'EAUTH',
  response: '535-5.7.8 Username and Password not accepted. For more information, go to\n' +
    '535 5.7.8  https://support.google.com/mail/?p=BadCredentials d9443c01a7336-220d545c897sm130352125ad.118 - gsmtp',
  responseCode: 535,
  command: 'AUTH PLAIN'
}
Error sending reset password email: Error: Invalid login: 535-5.7.8 Username and Password not accepted. For more information, go to
535 5.7.8  https://support.google.com/mail/?p=BadCredentials d2e1a72fcca58-732707863cbsm9858831b3a.128 - gsmtp
    at SMTPConnection._formatError (/home/injfbzag/nodevenv/api.earn4u.info/14/lib/node_modules/nodemailer/lib/smtp-connection/index.js:809:19)
    at SMTPConnection._actionAUTHComplete (/home/injfbzag/nodevenv/api.earn4u.info/14/lib/node_modules/nodemailer/lib/smtp-connection/index.js:1588:34)
    at SMTPConnection.<anonymous> (/home/injfbzag/nodevenv/api.earn4u.info/14/lib/node_modules/nodemailer/lib/smtp-connection/index.js:556:26)
    at SMTPConnection._processResponse (/home/injfbzag/nodevenv/api.earn4u.info/14/lib/node_modules/nodemailer/lib/smtp-connection/index.js:993:20)
    at SMTPConnection._onData (/home/injfbzag/nodevenv/api.earn4u.info/14/lib/node_modules/nodemailer/lib/smtp-connection/index.js:774:14)
    at TLSSocket.SMTPConnection._onSocketData (/home/injfbzag/nodevenv/api.earn4u.info/14/lib/node_modules/nodemailer/lib/smtp-connection/index.js:195:44)
    at TLSSocket.emit (events.js:400:28)
    at addChunk (internal/streams/readable.js:293:12)
    at readableAddChunk (internal/streams/readable.js:267:9)
    at TLSSocket.Readable.push (internal/streams/readable.js:206:10) {
  code: 'EAUTH',
  response: '535-5.7.8 Username and Password not accepted. For more information, go to\n' +
    '535 5.7.8  https://support.google.com/mail/?p=BadCredentials d2e1a72fcca58-732707863cbsm9858831b3a.128 - gsmtp',
  responseCode: 535,
  command: 'AUTH PLAIN'
}
Error during retrieval: Error: Unknown column 'addinvestlevel' in 'WHERE'
    at Packet.asError (/home/injfbzag/nodevenv/api.earn4u.info/14/lib/node_modules/mysql2/lib/packets/packet.js:740:17)
    at Query.execute (/home/injfbzag/nodevenv/api.earn4u.info/14/lib/node_modules/mysql2/lib/commands/command.js:29:26)
    at Connection.handlePacket (/home/injfbzag/nodevenv/api.earn4u.info/14/lib/node_modules/mysql2/lib/base/connection.js:475:34)
    at PacketParser.onPacket (/home/injfbzag/nodevenv/api.earn4u.info/14/lib/node_modules/mysql2/lib/base/connection.js:93:12)
    at PacketParser.executeStart (/home/injfbzag/nodevenv/api.earn4u.info/14/lib/node_modules/mysql2/lib/packet_parser.js:75:16)
    at Socket.<anonymous> (/home/injfbzag/nodevenv/api.earn4u.info/14/lib/node_modules/mysql2/lib/base/connection.js:100:25)
    at Socket.emit (events.js:400:28)
    at addChunk (internal/streams/readable.js:293:12)
    at readableAddChunk (internal/streams/readable.js:267:9)
    at Socket.Readable.push (internal/streams/readable.js:206:10) {
  code: 'ER_BAD_FIELD_ERROR',
  errno: 1054,
  sqlState: '42S22',
  sqlMessage: "Unknown column 'addinvestlevel' in 'WHERE'",
  sql: 'SELECT * FROM plans where id=addinvestlevel'
}
Error during retrieval: Error: Unknown column 'addactivelevel' in 'WHERE'
    at Packet.asError (/home/injfbzag/nodevenv/api.earn4u.info/14/lib/node_modules/mysql2/lib/packets/packet.js:740:17)
    at Query.execute (/home/injfbzag/nodevenv/api.earn4u.info/14/lib/node_modules/mysql2/lib/commands/command.js:29:26)
    at Connection.handlePacket (/home/injfbzag/nodevenv/api.earn4u.info/14/lib/node_modules/mysql2/lib/base/connection.js:475:34)
    at PacketParser.onPacket (/home/injfbzag/nodevenv/api.earn4u.info/14/lib/node_modules/mysql2/lib/base/connection.js:93:12)
    at PacketParser.executeStart (/home/injfbzag/nodevenv/api.earn4u.info/14/lib/node_modules/mysql2/lib/packet_parser.js:75:16)
    at Socket.<anonymous> (/home/injfbzag/nodevenv/api.earn4u.info/14/lib/node_modules/mysql2/lib/base/connection.js:100:25)
    at Socket.emit (events.js:400:28)
    at addChunk (internal/streams/readable.js:293:12)
    at readableAddChunk (internal/streams/readable.js:267:9)
    at Socket.Readable.push (internal/streams/readable.js:206:10) {
  code: 'ER_BAD_FIELD_ERROR',
  errno: 1054,
  sqlState: '42S22',
  sqlMessage: "Unknown column 'addactivelevel' in 'WHERE'",
  sql: 'SELECT * FROM plans where id=addactivelevel'
}
Error fetching users: Error: Unknown column 'cto' in 'SELECT'
    at Packet.asError (/home/injfbzag/nodevenv/api.earn4u.info/14/lib/node_modules/mysql2/lib/packets/packet.js:740:17)
    at Query.execute (/home/injfbzag/nodevenv/api.earn4u.info/14/lib/node_modules/mysql2/lib/commands/command.js:29:26)
    at Connection.handlePacket (/home/injfbzag/nodevenv/api.earn4u.info/14/lib/node_modules/mysql2/lib/base/connection.js:475:34)
    at PacketParser.onPacket (/home/injfbzag/nodevenv/api.earn4u.info/14/lib/node_modules/mysql2/lib/base/connection.js:93:12)
    at PacketParser.executeStart (/home/injfbzag/nodevenv/api.earn4u.info/14/lib/node_modules/mysql2/lib/packet_parser.js:75:16)
    at Socket.<anonymous> (/home/injfbzag/nodevenv/api.earn4u.info/14/lib/node_modules/mysql2/lib/base/connection.js:100:25)
    at Socket.emit (events.js:400:28)
    at addChunk (internal/streams/readable.js:293:12)
    at readableAddChunk (internal/streams/readable.js:267:9)
    at Socket.Readable.push (internal/streams/readable.js:206:10) {
  code: 'ER_BAD_FIELD_ERROR',
  errno: 1054,
  sqlState: '42S22',
  sqlMessage: "Unknown column 'cto' in 'SELECT'",
  sql: "SELECT id, reffer_by, refferal_code, active_plan, created_at, cto FROM users WHERE cto = 'false'"
}
Error in CTO calculation: Error: Error fetching users!
    at Query.onResult (/home/injfbzag/api.earn4u.info/controllers/ctoController.js:13:23)
    at Query.execute (/home/injfbzag/nodevenv/api.earn4u.info/14/lib/node_modules/mysql2/lib/commands/command.js:36:14)
    at Connection.handlePacket (/home/injfbzag/nodevenv/api.earn4u.info/14/lib/node_modules/mysql2/lib/base/connection.js:475:34)
    at PacketParser.onPacket (/home/injfbzag/nodevenv/api.earn4u.info/14/lib/node_modules/mysql2/lib/base/connection.js:93:12)
    at PacketParser.executeStart (/home/injfbzag/nodevenv/api.earn4u.info/14/lib/node_modules/mysql2/lib/packet_parser.js:75:16)
    at Socket.<anonymous> (/home/injfbzag/nodevenv/api.earn4u.info/14/lib/node_modules/mysql2/lib/base/connection.js:100:25)
    at Socket.emit (events.js:400:28)
    at addChunk (internal/streams/readable.js:293:12)
    at readableAddChunk (internal/streams/readable.js:267:9)
    at Socket.Readable.push (internal/streams/readable.js:206:10)
Error during retrieval: Error: You have an error in your SQL syntax; check the manual that corresponds to your MariaDB server version for the right syntax to use near 'add' at line 1
    at Packet.asError (/home/injfbzag/nodevenv/api.earn4u.info/14/lib/node_modules/mysql2/lib/packets/packet.js:740:17)
    at Query.execute (/home/injfbzag/nodevenv/api.earn4u.info/14/lib/node_modules/mysql2/lib/commands/command.js:29:26)
    at Connection.handlePacket (/home/injfbzag/nodevenv/api.earn4u.info/14/lib/node_modules/mysql2/lib/base/connection.js:475:34)
    at PacketParser.onPacket (/home/injfbzag/nodevenv/api.earn4u.info/14/lib/node_modules/mysql2/lib/base/connection.js:93:12)
    at PacketParser.executeStart (/home/injfbzag/nodevenv/api.earn4u.info/14/lib/node_modules/mysql2/lib/packet_parser.js:75:16)
    at Socket.<anonymous> (/home/injfbzag/nodevenv/api.earn4u.info/14/lib/node_modules/mysql2/lib/base/connection.js:100:25)
    at Socket.emit (events.js:400:28)
    at addChunk (internal/streams/readable.js:293:12)
    at readableAddChunk (internal/streams/readable.js:267:9)
    at Socket.Readable.push (internal/streams/readable.js:206:10) {
  code: 'ER_PARSE_ERROR',
  errno: 1064,
  sqlState: '42000',
  sqlMessage: "You have an error in your SQL syntax; check the manual that corresponds to your MariaDB server version for the right syntax to use near 'add' at line 1",
  sql: 'SELECT * FROM activation_plan where id=add'
}
Error fetching users: Error: Unknown column 'cto' in 'SELECT'
    at Packet.asError (/home/injfbzag/nodevenv/api.earn4u.info/14/lib/node_modules/mysql2/lib/packets/packet.js:740:17)
    at Query.execute (/home/injfbzag/nodevenv/api.earn4u.info/14/lib/node_modules/mysql2/lib/commands/command.js:29:26)
    at Connection.handlePacket (/home/injfbzag/nodevenv/api.earn4u.info/14/lib/node_modules/mysql2/lib/base/connection.js:475:34)
    at PacketParser.onPacket (/home/injfbzag/nodevenv/api.earn4u.info/14/lib/node_modules/mysql2/lib/base/connection.js:93:12)
    at PacketParser.executeStart (/home/injfbzag/nodevenv/api.earn4u.info/14/lib/node_modules/mysql2/lib/packet_parser.js:75:16)
    at Socket.<anonymous> (/home/injfbzag/nodevenv/api.earn4u.info/14/lib/node_modules/mysql2/lib/base/connection.js:100:25)
    at Socket.emit (events.js:400:28)
    at addChunk (internal/streams/readable.js:293:12)
    at readableAddChunk (internal/streams/readable.js:267:9)
    at Socket.Readable.push (internal/streams/readable.js:206:10) {
  code: 'ER_BAD_FIELD_ERROR',
  errno: 1054,
  sqlState: '42S22',
  sqlMessage: "Unknown column 'cto' in 'SELECT'",
  sql: "SELECT id, reffer_by, refferal_code, active_plan, created_at, cto FROM users WHERE cto = 'false'"
}
Error in CTO calculation: Error: Error fetching users!
    at Query.onResult (/home/injfbzag/api.earn4u.info/controllers/ctoController.js:13:23)
    at Query.execute (/home/injfbzag/nodevenv/api.earn4u.info/14/lib/node_modules/mysql2/lib/commands/command.js:36:14)
    at Connection.handlePacket (/home/injfbzag/nodevenv/api.earn4u.info/14/lib/node_modules/mysql2/lib/base/connection.js:475:34)
    at PacketParser.onPacket (/home/injfbzag/nodevenv/api.earn4u.info/14/lib/node_modules/mysql2/lib/base/connection.js:93:12)
    at PacketParser.executeStart (/home/injfbzag/nodevenv/api.earn4u.info/14/lib/node_modules/mysql2/lib/packet_parser.js:75:16)
    at Socket.<anonymous> (/home/injfbzag/nodevenv/api.earn4u.info/14/lib/node_modules/mysql2/lib/base/connection.js:100:25)
    at Socket.emit (events.js:400:28)
    at addChunk (internal/streams/readable.js:293:12)
    at readableAddChunk (internal/streams/readable.js:267:9)
    at Socket.Readable.push (internal/streams/readable.js:206:10)
Error during retrieval: Error: You have an error in your SQL syntax; check the manual that corresponds to your MariaDB server version for the right syntax to use near 'add' at line 1
    at Packet.asError (/home/injfbzag/nodevenv/api.earn4u.info/14/lib/node_modules/mysql2/lib/packets/packet.js:740:17)
    at Query.execute (/home/injfbzag/nodevenv/api.earn4u.info/14/lib/node_modules/mysql2/lib/commands/command.js:29:26)
    at Connection.handlePacket (/home/injfbzag/nodevenv/api.earn4u.info/14/lib/node_modules/mysql2/lib/base/connection.js:475:34)
    at PacketParser.onPacket (/home/injfbzag/nodevenv/api.earn4u.info/14/lib/node_modules/mysql2/lib/base/connection.js:93:12)
    at PacketParser.executeStart (/home/injfbzag/nodevenv/api.earn4u.info/14/lib/node_modules/mysql2/lib/packet_parser.js:75:16)
    at Socket.<anonymous> (/home/injfbzag/nodevenv/api.earn4u.info/14/lib/node_modules/mysql2/lib/base/connection.js:100:25)
    at Socket.emit (events.js:400:28)
    at addChunk (internal/streams/readable.js:293:12)
    at readableAddChunk (internal/streams/readable.js:267:9)
    at Socket.Readable.push (internal/streams/readable.js:206:10) {
  code: 'ER_PARSE_ERROR',
  errno: 1064,
  sqlState: '42000',
  sqlMessage: "You have an error in your SQL syntax; check the manual that corresponds to your MariaDB server version for the right syntax to use near 'add' at line 1",
  sql: 'SELECT * FROM plans where id=add'
}
Error during retrieval: Error: You have an error in your SQL syntax; check the manual that corresponds to your MariaDB server version for the right syntax to use near 'add' at line 1
    at Packet.asError (/home/injfbzag/nodevenv/api.earn4u.info/14/lib/node_modules/mysql2/lib/packets/packet.js:740:17)
    at Query.execute (/home/injfbzag/nodevenv/api.earn4u.info/14/lib/node_modules/mysql2/lib/commands/command.js:29:26)
    at Connection.handlePacket (/home/injfbzag/nodevenv/api.earn4u.info/14/lib/node_modules/mysql2/lib/base/connection.js:475:34)
    at PacketParser.onPacket (/home/injfbzag/nodevenv/api.earn4u.info/14/lib/node_modules/mysql2/lib/base/connection.js:93:12)
    at PacketParser.executeStart (/home/injfbzag/nodevenv/api.earn4u.info/14/lib/node_modules/mysql2/lib/packet_parser.js:75:16)
    at Socket.<anonymous> (/home/injfbzag/nodevenv/api.earn4u.info/14/lib/node_modules/mysql2/lib/base/connection.js:100:25)
    at Socket.emit (events.js:400:28)
    at addChunk (internal/streams/readable.js:293:12)
    at readableAddChunk (internal/streams/readable.js:267:9)
    at Socket.Readable.push (internal/streams/readable.js:206:10) {
  code: 'ER_PARSE_ERROR',
  errno: 1064,
  sqlState: '42000',
  sqlMessage: "You have an error in your SQL syntax; check the manual that corresponds to your MariaDB server version for the right syntax to use near 'add' at line 1",
  sql: 'SELECT * FROM plans where id=add'
}
Error fetching activation_plan: Error: Table 'injfbzag_earn4u.activation_plan' doesn't exist
    at Packet.asError (/home/injfbzag/nodevenv/api.earn4u.info/14/lib/node_modules/mysql2/lib/packets/packet.js:740:17)
    at Query.execute (/home/injfbzag/nodevenv/api.earn4u.info/14/lib/node_modules/mysql2/lib/commands/command.js:29:26)
    at Connection.handlePacket (/home/injfbzag/nodevenv/api.earn4u.info/14/lib/node_modules/mysql2/lib/base/connection.js:475:34)
    at PacketParser.onPacket (/home/injfbzag/nodevenv/api.earn4u.info/14/lib/node_modules/mysql2/lib/base/connection.js:93:12)
    at PacketParser.executeStart (/home/injfbzag/nodevenv/api.earn4u.info/14/lib/node_modules/mysql2/lib/packet_parser.js:75:16)
    at Socket.<anonymous> (/home/injfbzag/nodevenv/api.earn4u.info/14/lib/node_modules/mysql2/lib/base/connection.js:100:25)
    at Socket.emit (events.js:400:28)
    at addChunk (internal/streams/readable.js:293:12)
    at readableAddChunk (internal/streams/readable.js:267:9)
    at Socket.Readable.push (internal/streams/readable.js:206:10) {
  code: 'ER_NO_SUCH_TABLE',
  errno: 1146,
  sqlState: '42S02',
  sqlMessage: "Table 'injfbzag_earn4u.activation_plan' doesn't exist",
  sql: 'SELECT * FROM activation_plan'
}
Error fetching activation_plan: Error: Table 'injfbzag_earn4u.cto' doesn't exist
    at Packet.asError (/home/injfbzag/nodevenv/api.earn4u.info/14/lib/node_modules/mysql2/lib/packets/packet.js:740:17)
    at Query.execute (/home/injfbzag/nodevenv/api.earn4u.info/14/lib/node_modules/mysql2/lib/commands/command.js:29:26)
    at Connection.handlePacket (/home/injfbzag/nodevenv/api.earn4u.info/14/lib/node_modules/mysql2/lib/base/connection.js:475:34)
    at PacketParser.onPacket (/home/injfbzag/nodevenv/api.earn4u.info/14/lib/node_modules/mysql2/lib/base/connection.js:93:12)
    at PacketParser.executeStart (/home/injfbzag/nodevenv/api.earn4u.info/14/lib/node_modules/mysql2/lib/packet_parser.js:75:16)
    at Socket.<anonymous> (/home/injfbzag/nodevenv/api.earn4u.info/14/lib/node_modules/mysql2/lib/base/connection.js:100:25)
    at Socket.emit (events.js:400:28)
    at addChunk (internal/streams/readable.js:293:12)
    at readableAddChunk (internal/streams/readable.js:267:9)
    at Socket.Readable.push (internal/streams/readable.js:206:10) {
  code: 'ER_NO_SUCH_TABLE',
  errno: 1146,
  sqlState: '42S02',
  sqlMessage: "Table 'injfbzag_earn4u.cto' doesn't exist",
  sql: 'SELECT \n' +
    '    c.*,\n' +
    '    u.email AS useremail,\n' +
    '    u.username AS username\n' +
    'FROM \n' +
    '    cto c\n' +
    'LEFT JOIN \n' +
    '    users u ON c.user_id = u.id\n' +
    'WHERE \n' +
    "    c.status = 'qualified';\n" +
    '\n'
}
Error during retrieval: Error: Unknown column 'addactivelevel' in 'WHERE'
    at Packet.asError (/home/injfbzag/nodevenv/api.earn4u.info/14/lib/node_modules/mysql2/lib/packets/packet.js:740:17)
    at Query.execute (/home/injfbzag/nodevenv/api.earn4u.info/14/lib/node_modules/mysql2/lib/commands/command.js:29:26)
    at Connection.handlePacket (/home/injfbzag/nodevenv/api.earn4u.info/14/lib/node_modules/mysql2/lib/base/connection.js:475:34)
    at PacketParser.onPacket (/home/injfbzag/nodevenv/api.earn4u.info/14/lib/node_modules/mysql2/lib/base/connection.js:93:12)
    at PacketParser.executeStart (/home/injfbzag/nodevenv/api.earn4u.info/14/lib/node_modules/mysql2/lib/packet_parser.js:75:16)
    at Socket.<anonymous> (/home/injfbzag/nodevenv/api.earn4u.info/14/lib/node_modules/mysql2/lib/base/connection.js:100:25)
    at Socket.emit (events.js:400:28)
    at addChunk (internal/streams/readable.js:293:12)
    at readableAddChunk (internal/streams/readable.js:267:9)
    at Socket.Readable.push (internal/streams/readable.js:206:10) {
  code: 'ER_BAD_FIELD_ERROR',
  errno: 1054,
  sqlState: '42S22',
  sqlMessage: "Unknown column 'addactivelevel' in 'WHERE'",
  sql: 'SELECT * FROM plans where id=addactivelevel'
}
Error during retrieval: Error: Unknown column 'addinvestlevel' in 'WHERE'
    at Packet.asError (/home/injfbzag/nodevenv/api.earn4u.info/14/lib/node_modules/mysql2/lib/packets/packet.js:740:17)
    at Query.execute (/home/injfbzag/nodevenv/api.earn4u.info/14/lib/node_modules/mysql2/lib/commands/command.js:29:26)
    at Connection.handlePacket (/home/injfbzag/nodevenv/api.earn4u.info/14/lib/node_modules/mysql2/lib/base/connection.js:475:34)
    at PacketParser.onPacket (/home/injfbzag/nodevenv/api.earn4u.info/14/lib/node_modules/mysql2/lib/base/connection.js:93:12)
    at PacketParser.executeStart (/home/injfbzag/nodevenv/api.earn4u.info/14/lib/node_modules/mysql2/lib/packet_parser.js:75:16)
    at Socket.<anonymous> (/home/injfbzag/nodevenv/api.earn4u.info/14/lib/node_modules/mysql2/lib/base/connection.js:100:25)
    at Socket.emit (events.js:400:28)
    at addChunk (internal/streams/readable.js:293:12)
    at readableAddChunk (internal/streams/readable.js:267:9)
    at Socket.Readable.push (internal/streams/readable.js:206:10) {
  code: 'ER_BAD_FIELD_ERROR',
  errno: 1054,
  sqlState: '42S22',
  sqlMessage: "Unknown column 'addinvestlevel' in 'WHERE'",
  sql: 'SELECT * FROM plans where id=addinvestlevel'
}
Error fetching users: Error: Unknown column 'cto' in 'SELECT'
    at Packet.asError (/home/injfbzag/nodevenv/api.earn4u.info/14/lib/node_modules/mysql2/lib/packets/packet.js:740:17)
    at Query.execute (/home/injfbzag/nodevenv/api.earn4u.info/14/lib/node_modules/mysql2/lib/commands/command.js:29:26)
    at Connection.handlePacket (/home/injfbzag/nodevenv/api.earn4u.info/14/lib/node_modules/mysql2/lib/base/connection.js:475:34)
    at PacketParser.onPacket (/home/injfbzag/nodevenv/api.earn4u.info/14/lib/node_modules/mysql2/lib/base/connection.js:93:12)
    at PacketParser.executeStart (/home/injfbzag/nodevenv/api.earn4u.info/14/lib/node_modules/mysql2/lib/packet_parser.js:75:16)
    at Socket.<anonymous> (/home/injfbzag/nodevenv/api.earn4u.info/14/lib/node_modules/mysql2/lib/base/connection.js:100:25)
    at Socket.emit (events.js:400:28)
    at addChunk (internal/streams/readable.js:293:12)
    at readableAddChunk (internal/streams/readable.js:267:9)
    at Socket.Readable.push (internal/streams/readable.js:206:10) {
  code: 'ER_BAD_FIELD_ERROR',
  errno: 1054,
  sqlState: '42S22',
  sqlMessage: "Unknown column 'cto' in 'SELECT'",
  sql: "SELECT id, reffer_by, refferal_code, active_plan, created_at, cto FROM users WHERE cto = 'false'"
}
Error in CTO calculation: Error: Error fetching users!
    at Query.onResult (/home/injfbzag/api.earn4u.info/controllers/ctoController.js:13:23)
    at Query.execute (/home/injfbzag/nodevenv/api.earn4u.info/14/lib/node_modules/mysql2/lib/commands/command.js:36:14)
    at Connection.handlePacket (/home/injfbzag/nodevenv/api.earn4u.info/14/lib/node_modules/mysql2/lib/base/connection.js:475:34)
    at PacketParser.onPacket (/home/injfbzag/nodevenv/api.earn4u.info/14/lib/node_modules/mysql2/lib/base/connection.js:93:12)
    at PacketParser.executeStart (/home/injfbzag/nodevenv/api.earn4u.info/14/lib/node_modules/mysql2/lib/packet_parser.js:75:16)
    at Socket.<anonymous> (/home/injfbzag/nodevenv/api.earn4u.info/14/lib/node_modules/mysql2/lib/base/connection.js:100:25)
    at Socket.emit (events.js:400:28)
    at addChunk (internal/streams/readable.js:293:12)
    at readableAddChunk (internal/streams/readable.js:267:9)
    at Socket.Readable.push (internal/streams/readable.js:206:10)
Error during retrieval: Error: You have an error in your SQL syntax; check the manual that corresponds to your MariaDB server version for the right syntax to use near 'add' at line 1
    at Packet.asError (/home/injfbzag/nodevenv/api.earn4u.info/14/lib/node_modules/mysql2/lib/packets/packet.js:740:17)
    at Query.execute (/home/injfbzag/nodevenv/api.earn4u.info/14/lib/node_modules/mysql2/lib/commands/command.js:29:26)
    at Connection.handlePacket (/home/injfbzag/nodevenv/api.earn4u.info/14/lib/node_modules/mysql2/lib/base/connection.js:475:34)
    at PacketParser.onPacket (/home/injfbzag/nodevenv/api.earn4u.info/14/lib/node_modules/mysql2/lib/base/connection.js:93:12)
    at PacketParser.executeStart (/home/injfbzag/nodevenv/api.earn4u.info/14/lib/node_modules/mysql2/lib/packet_parser.js:75:16)
    at Socket.<anonymous> (/home/injfbzag/nodevenv/api.earn4u.info/14/lib/node_modules/mysql2/lib/base/connection.js:100:25)
    at Socket.emit (events.js:400:28)
    at addChunk (internal/streams/readable.js:293:12)
    at readableAddChunk (internal/streams/readable.js:267:9)
    at Socket.Readable.push (internal/streams/readable.js:206:10) {
  code: 'ER_PARSE_ERROR',
  errno: 1064,
  sqlState: '42000',
  sqlMessage: "You have an error in your SQL syntax; check the manual that corresponds to your MariaDB server version for the right syntax to use near 'add' at line 1",
  sql: 'SELECT * FROM activation_plan where id=add'
}
Error during retrieval: Error: You have an error in your SQL syntax; check the manual that corresponds to your MariaDB server version for the right syntax to use near 'add' at line 1
    at Packet.asError (/home/injfbzag/nodevenv/api.earn4u.info/14/lib/node_modules/mysql2/lib/packets/packet.js:740:17)
    at Query.execute (/home/injfbzag/nodevenv/api.earn4u.info/14/lib/node_modules/mysql2/lib/commands/command.js:29:26)
    at Connection.handlePacket (/home/injfbzag/nodevenv/api.earn4u.info/14/lib/node_modules/mysql2/lib/base/connection.js:475:34)
    at PacketParser.onPacket (/home/injfbzag/nodevenv/api.earn4u.info/14/lib/node_modules/mysql2/lib/base/connection.js:93:12)
    at PacketParser.executeStart (/home/injfbzag/nodevenv/api.earn4u.info/14/lib/node_modules/mysql2/lib/packet_parser.js:75:16)
    at Socket.<anonymous> (/home/injfbzag/nodevenv/api.earn4u.info/14/lib/node_modules/mysql2/lib/base/connection.js:100:25)
    at Socket.emit (events.js:400:28)
    at addChunk (internal/streams/readable.js:293:12)
    at readableAddChunk (internal/streams/readable.js:267:9)
    at Socket.Readable.push (internal/streams/readable.js:206:10) {
  code: 'ER_PARSE_ERROR',
  errno: 1064,
  sqlState: '42000',
  sqlMessage: "You have an error in your SQL syntax; check the manual that corresponds to your MariaDB server version for the right syntax to use near 'add' at line 1",
  sql: 'SELECT * FROM activation_plan where id=add'
}
Error fetching users: Error: Unknown column 'cto' in 'SELECT'
    at Packet.asError (/home/injfbzag/nodevenv/api.earn4u.info/14/lib/node_modules/mysql2/lib/packets/packet.js:740:17)
    at Query.execute (/home/injfbzag/nodevenv/api.earn4u.info/14/lib/node_modules/mysql2/lib/commands/command.js:29:26)
    at Connection.handlePacket (/home/injfbzag/nodevenv/api.earn4u.info/14/lib/node_modules/mysql2/lib/base/connection.js:475:34)
    at PacketParser.onPacket (/home/injfbzag/nodevenv/api.earn4u.info/14/lib/node_modules/mysql2/lib/base/connection.js:93:12)
    at PacketParser.executeStart (/home/injfbzag/nodevenv/api.earn4u.info/14/lib/node_modules/mysql2/lib/packet_parser.js:75:16)
    at Socket.<anonymous> (/home/injfbzag/nodevenv/api.earn4u.info/14/lib/node_modules/mysql2/lib/base/connection.js:100:25)
    at Socket.emit (events.js:400:28)
    at addChunk (internal/streams/readable.js:293:12)
    at readableAddChunk (internal/streams/readable.js:267:9)
    at Socket.Readable.push (internal/streams/readable.js:206:10) {
  code: 'ER_BAD_FIELD_ERROR',
  errno: 1054,
  sqlState: '42S22',
  sqlMessage: "Unknown column 'cto' in 'SELECT'",
  sql: "SELECT id, reffer_by, refferal_code, active_plan, created_at, cto FROM users WHERE cto = 'false'"
}
Error in CTO calculation: Error: Error fetching users!
    at Query.onResult (/home/injfbzag/api.earn4u.info/controllers/ctoController.js:13:23)
    at Query.execute (/home/injfbzag/nodevenv/api.earn4u.info/14/lib/node_modules/mysql2/lib/commands/command.js:36:14)
    at Connection.handlePacket (/home/injfbzag/nodevenv/api.earn4u.info/14/lib/node_modules/mysql2/lib/base/connection.js:475:34)
    at PacketParser.onPacket (/home/injfbzag/nodevenv/api.earn4u.info/14/lib/node_modules/mysql2/lib/base/connection.js:93:12)
    at PacketParser.executeStart (/home/injfbzag/nodevenv/api.earn4u.info/14/lib/node_modules/mysql2/lib/packet_parser.js:75:16)
    at Socket.<anonymous> (/home/injfbzag/nodevenv/api.earn4u.info/14/lib/node_modules/mysql2/lib/base/connection.js:100:25)
    at Socket.emit (events.js:400:28)
    at addChunk (internal/streams/readable.js:293:12)
    at readableAddChunk (internal/streams/readable.js:267:9)
    at Socket.Readable.push (internal/streams/readable.js:206:10)
Error during retrieval: Error: You have an error in your SQL syntax; check the manual that corresponds to your MariaDB server version for the right syntax to use near 'add' at line 1
    at Packet.asError (/home/injfbzag/nodevenv/api.earn4u.info/14/lib/node_modules/mysql2/lib/packets/packet.js:740:17)
    at Query.execute (/home/injfbzag/nodevenv/api.earn4u.info/14/lib/node_modules/mysql2/lib/commands/command.js:29:26)
    at Connection.handlePacket (/home/injfbzag/nodevenv/api.earn4u.info/14/lib/node_modules/mysql2/lib/base/connection.js:475:34)
    at PacketParser.onPacket (/home/injfbzag/nodevenv/api.earn4u.info/14/lib/node_modules/mysql2/lib/base/connection.js:93:12)
    at PacketParser.executeStart (/home/injfbzag/nodevenv/api.earn4u.info/14/lib/node_modules/mysql2/lib/packet_parser.js:75:16)
    at Socket.<anonymous> (/home/injfbzag/nodevenv/api.earn4u.info/14/lib/node_modules/mysql2/lib/base/connection.js:100:25)
    at Socket.emit (events.js:400:28)
    at addChunk (internal/streams/readable.js:293:12)
    at readableAddChunk (internal/streams/readable.js:267:9)
    at Socket.Readable.push (internal/streams/readable.js:206:10) {
  code: 'ER_PARSE_ERROR',
  errno: 1064,
  sqlState: '42000',
  sqlMessage: "You have an error in your SQL syntax; check the manual that corresponds to your MariaDB server version for the right syntax to use near 'add' at line 1",
  sql: 'SELECT * FROM plans where id=add'
}
Error fetching activation_plan: Error: Table 'injfbzag_earn4u.activation_plan' doesn't exist
    at Packet.asError (/home/injfbzag/nodevenv/api.earn4u.info/14/lib/node_modules/mysql2/lib/packets/packet.js:740:17)
    at Query.execute (/home/injfbzag/nodevenv/api.earn4u.info/14/lib/node_modules/mysql2/lib/commands/command.js:29:26)
    at Connection.handlePacket (/home/injfbzag/nodevenv/api.earn4u.info/14/lib/node_modules/mysql2/lib/base/connection.js:475:34)
    at PacketParser.onPacket (/home/injfbzag/nodevenv/api.earn4u.info/14/lib/node_modules/mysql2/lib/base/connection.js:93:12)
    at PacketParser.executeStart (/home/injfbzag/nodevenv/api.earn4u.info/14/lib/node_modules/mysql2/lib/packet_parser.js:75:16)
    at Socket.<anonymous> (/home/injfbzag/nodevenv/api.earn4u.info/14/lib/node_modules/mysql2/lib/base/connection.js:100:25)
    at Socket.emit (events.js:400:28)
    at addChunk (internal/streams/readable.js:293:12)
    at readableAddChunk (internal/streams/readable.js:267:9)
    at Socket.Readable.push (internal/streams/readable.js:206:10) {
  code: 'ER_NO_SUCH_TABLE',
  errno: 1146,
  sqlState: '42S02',
  sqlMessage: "Table 'injfbzag_earn4u.activation_plan' doesn't exist",
  sql: 'SELECT * FROM activation_plan'
}
Error fetching activation_plan: Error: Table 'injfbzag_earn4u.cto' doesn't exist
    at Packet.asError (/home/injfbzag/nodevenv/api.earn4u.info/14/lib/node_modules/mysql2/lib/packets/packet.js:740:17)
    at Query.execute (/home/injfbzag/nodevenv/api.earn4u.info/14/lib/node_modules/mysql2/lib/commands/command.js:29:26)
    at Connection.handlePacket (/home/injfbzag/nodevenv/api.earn4u.info/14/lib/node_modules/mysql2/lib/base/connection.js:475:34)
    at PacketParser.onPacket (/home/injfbzag/nodevenv/api.earn4u.info/14/lib/node_modules/mysql2/lib/base/connection.js:93:12)
    at PacketParser.executeStart (/home/injfbzag/nodevenv/api.earn4u.info/14/lib/node_modules/mysql2/lib/packet_parser.js:75:16)
    at Socket.<anonymous> (/home/injfbzag/nodevenv/api.earn4u.info/14/lib/node_modules/mysql2/lib/base/connection.js:100:25)
    at Socket.emit (events.js:400:28)
    at addChunk (internal/streams/readable.js:293:12)
    at readableAddChunk (internal/streams/readable.js:267:9)
    at Socket.Readable.push (internal/streams/readable.js:206:10) {
  code: 'ER_NO_SUCH_TABLE',
  errno: 1146,
  sqlState: '42S02',
  sqlMessage: "Table 'injfbzag_earn4u.cto' doesn't exist",
  sql: 'SELECT \n' +
    '    c.*,\n' +
    '    u.email AS useremail,\n' +
    '    u.username AS username\n' +
    'FROM \n' +
    '    cto c\n' +
    'LEFT JOIN \n' +
    '    users u ON c.user_id = u.id\n' +
    'WHERE \n' +
    "    c.status = 'qualified';\n" +
    '\n'
}
Error during retrieval: Error: Unknown column 'undefined' in 'WHERE'
    at Packet.asError (/home/injfbzag/nodevenv/api.earn4u.info/14/lib/node_modules/mysql2/lib/packets/packet.js:740:17)
    at Query.execute (/home/injfbzag/nodevenv/api.earn4u.info/14/lib/node_modules/mysql2/lib/commands/command.js:29:26)
    at Connection.handlePacket (/home/injfbzag/nodevenv/api.earn4u.info/14/lib/node_modules/mysql2/lib/base/connection.js:475:34)
    at PacketParser.onPacket (/home/injfbzag/nodevenv/api.earn4u.info/14/lib/node_modules/mysql2/lib/base/connection.js:93:12)
    at PacketParser.executeStart (/home/injfbzag/nodevenv/api.earn4u.info/14/lib/node_modules/mysql2/lib/packet_parser.js:75:16)
    at Socket.<anonymous> (/home/injfbzag/nodevenv/api.earn4u.info/14/lib/node_modules/mysql2/lib/base/connection.js:100:25)
    at Socket.emit (events.js:400:28)
    at addChunk (internal/streams/readable.js:293:12)
    at readableAddChunk (internal/streams/readable.js:267:9)
    at Socket.Readable.push (internal/streams/readable.js:206:10) {
  code: 'ER_BAD_FIELD_ERROR',
  errno: 1054,
  sqlState: '42S22',
  sqlMessage: "Unknown column 'undefined' in 'WHERE'",
  sql: 'SELECT * FROM users where id=undefined'
}
Error during retrieval: Error: Unknown column 'addinvestlevel' in 'WHERE'
    at Packet.asError (/home/injfbzag/nodevenv/api.earn4u.info/14/lib/node_modules/mysql2/lib/packets/packet.js:740:17)
    at Query.execute (/home/injfbzag/nodevenv/api.earn4u.info/14/lib/node_modules/mysql2/lib/commands/command.js:29:26)
    at Connection.handlePacket (/home/injfbzag/nodevenv/api.earn4u.info/14/lib/node_modules/mysql2/lib/base/connection.js:475:34)
    at PacketParser.onPacket (/home/injfbzag/nodevenv/api.earn4u.info/14/lib/node_modules/mysql2/lib/base/connection.js:93:12)
    at PacketParser.executeStart (/home/injfbzag/nodevenv/api.earn4u.info/14/lib/node_modules/mysql2/lib/packet_parser.js:75:16)
    at Socket.<anonymous> (/home/injfbzag/nodevenv/api.earn4u.info/14/lib/node_modules/mysql2/lib/base/connection.js:100:25)
    at Socket.emit (events.js:400:28)
    at addChunk (internal/streams/readable.js:293:12)
    at readableAddChunk (internal/streams/readable.js:267:9)
    at Socket.Readable.push (internal/streams/readable.js:206:10) {
  code: 'ER_BAD_FIELD_ERROR',
  errno: 1054,
  sqlState: '42S22',
  sqlMessage: "Unknown column 'addinvestlevel' in 'WHERE'",
  sql: 'SELECT * FROM plans where id=addinvestlevel'
}
Error during retrieval: Error: Unknown column 'addactivelevel' in 'WHERE'
    at Packet.asError (/home/injfbzag/nodevenv/api.earn4u.info/14/lib/node_modules/mysql2/lib/packets/packet.js:740:17)
    at Query.execute (/home/injfbzag/nodevenv/api.earn4u.info/14/lib/node_modules/mysql2/lib/commands/command.js:29:26)
    at Connection.handlePacket (/home/injfbzag/nodevenv/api.earn4u.info/14/lib/node_modules/mysql2/lib/base/connection.js:475:34)
    at PacketParser.onPacket (/home/injfbzag/nodevenv/api.earn4u.info/14/lib/node_modules/mysql2/lib/base/connection.js:93:12)
    at PacketParser.executeStart (/home/injfbzag/nodevenv/api.earn4u.info/14/lib/node_modules/mysql2/lib/packet_parser.js:75:16)
    at Socket.<anonymous> (/home/injfbzag/nodevenv/api.earn4u.info/14/lib/node_modules/mysql2/lib/base/connection.js:100:25)
    at Socket.emit (events.js:400:28)
    at addChunk (internal/streams/readable.js:293:12)
    at readableAddChunk (internal/streams/readable.js:267:9)
    at Socket.Readable.push (internal/streams/readable.js:206:10) {
  code: 'ER_BAD_FIELD_ERROR',
  errno: 1054,
  sqlState: '42S22',
  sqlMessage: "Unknown column 'addactivelevel' in 'WHERE'",
  sql: 'SELECT * FROM plans where id=addactivelevel'
}
Error fetching users: Error: Unknown column 'cto' in 'SELECT'
    at Packet.asError (/home/injfbzag/nodevenv/api.earn4u.info/14/lib/node_modules/mysql2/lib/packets/packet.js:740:17)
    at Query.execute (/home/injfbzag/nodevenv/api.earn4u.info/14/lib/node_modules/mysql2/lib/commands/command.js:29:26)
    at Connection.handlePacket (/home/injfbzag/nodevenv/api.earn4u.info/14/lib/node_modules/mysql2/lib/base/connection.js:475:34)
    at PacketParser.onPacket (/home/injfbzag/nodevenv/api.earn4u.info/14/lib/node_modules/mysql2/lib/base/connection.js:93:12)
    at PacketParser.executeStart (/home/injfbzag/nodevenv/api.earn4u.info/14/lib/node_modules/mysql2/lib/packet_parser.js:75:16)
    at Socket.<anonymous> (/home/injfbzag/nodevenv/api.earn4u.info/14/lib/node_modules/mysql2/lib/base/connection.js:100:25)
    at Socket.emit (events.js:400:28)
    at addChunk (internal/streams/readable.js:293:12)
    at readableAddChunk (internal/streams/readable.js:267:9)
    at Socket.Readable.push (internal/streams/readable.js:206:10) {
  code: 'ER_BAD_FIELD_ERROR',
  errno: 1054,
  sqlState: '42S22',
  sqlMessage: "Unknown column 'cto' in 'SELECT'",
  sql: "SELECT id, reffer_by, refferal_code, active_plan, created_at, cto FROM users WHERE cto = 'false'"
}
Error in CTO calculation: Error: Error fetching users!
    at Query.onResult (/home/injfbzag/api.earn4u.info/controllers/ctoController.js:13:23)
    at Query.execute (/home/injfbzag/nodevenv/api.earn4u.info/14/lib/node_modules/mysql2/lib/commands/command.js:36:14)
    at Connection.handlePacket (/home/injfbzag/nodevenv/api.earn4u.info/14/lib/node_modules/mysql2/lib/base/connection.js:475:34)
    at PacketParser.onPacket (/home/injfbzag/nodevenv/api.earn4u.info/14/lib/node_modules/mysql2/lib/base/connection.js:93:12)
    at PacketParser.executeStart (/home/injfbzag/nodevenv/api.earn4u.info/14/lib/node_modules/mysql2/lib/packet_parser.js:75:16)
    at Socket.<anonymous> (/home/injfbzag/nodevenv/api.earn4u.info/14/lib/node_modules/mysql2/lib/base/connection.js:100:25)
    at Socket.emit (events.js:400:28)
    at addChunk (internal/streams/readable.js:293:12)
    at readableAddChunk (internal/streams/readable.js:267:9)
    at Socket.Readable.push (internal/streams/readable.js:206:10)
Error during retrieval: Error: You have an error in your SQL syntax; check the manual that corresponds to your MariaDB server version for the right syntax to use near 'add' at line 1
    at Packet.asError (/home/injfbzag/nodevenv/api.earn4u.info/14/lib/node_modules/mysql2/lib/packets/packet.js:740:17)
    at Query.execute (/home/injfbzag/nodevenv/api.earn4u.info/14/lib/node_modules/mysql2/lib/commands/command.js:29:26)
    at Connection.handlePacket (/home/injfbzag/nodevenv/api.earn4u.info/14/lib/node_modules/mysql2/lib/base/connection.js:475:34)
    at PacketParser.onPacket (/home/injfbzag/nodevenv/api.earn4u.info/14/lib/node_modules/mysql2/lib/base/connection.js:93:12)
    at PacketParser.executeStart (/home/injfbzag/nodevenv/api.earn4u.info/14/lib/node_modules/mysql2/lib/packet_parser.js:75:16)
    at Socket.<anonymous> (/home/injfbzag/nodevenv/api.earn4u.info/14/lib/node_modules/mysql2/lib/base/connection.js:100:25)
    at Socket.emit (events.js:400:28)
    at addChunk (internal/streams/readable.js:293:12)
    at readableAddChunk (internal/streams/readable.js:267:9)
    at Socket.Readable.push (internal/streams/readable.js:206:10) {
  code: 'ER_PARSE_ERROR',
  errno: 1064,
  sqlState: '42000',
  sqlMessage: "You have an error in your SQL syntax; check the manual that corresponds to your MariaDB server version for the right syntax to use near 'add' at line 1",
  sql: 'SELECT * FROM activation_plan where id=add'
}
Error fetching users: Error: Unknown column 'cto' in 'SELECT'
    at Packet.asError (/home/injfbzag/nodevenv/api.earn4u.info/14/lib/node_modules/mysql2/lib/packets/packet.js:740:17)
    at Query.execute (/home/injfbzag/nodevenv/api.earn4u.info/14/lib/node_modules/mysql2/lib/commands/command.js:29:26)
    at Connection.handlePacket (/home/injfbzag/nodevenv/api.earn4u.info/14/lib/node_modules/mysql2/lib/base/connection.js:475:34)
    at PacketParser.onPacket (/home/injfbzag/nodevenv/api.earn4u.info/14/lib/node_modules/mysql2/lib/base/connection.js:93:12)
    at PacketParser.executeStart (/home/injfbzag/nodevenv/api.earn4u.info/14/lib/node_modules/mysql2/lib/packet_parser.js:75:16)
    at Socket.<anonymous> (/home/injfbzag/nodevenv/api.earn4u.info/14/lib/node_modules/mysql2/lib/base/connection.js:100:25)
    at Socket.emit (events.js:400:28)
    at addChunk (internal/streams/readable.js:293:12)
    at readableAddChunk (internal/streams/readable.js:267:9)
    at Socket.Readable.push (internal/streams/readable.js:206:10) {
  code: 'ER_BAD_FIELD_ERROR',
  errno: 1054,
  sqlState: '42S22',
  sqlMessage: "Unknown column 'cto' in 'SELECT'",
  sql: "SELECT id, reffer_by, refferal_code, active_plan, created_at, cto FROM users WHERE cto = 'false'"
}
Error in CTO calculation: Error: Error fetching users!
    at Query.onResult (/home/injfbzag/api.earn4u.info/controllers/ctoController.js:13:23)
    at Query.execute (/home/injfbzag/nodevenv/api.earn4u.info/14/lib/node_modules/mysql2/lib/commands/command.js:36:14)
    at Connection.handlePacket (/home/injfbzag/nodevenv/api.earn4u.info/14/lib/node_modules/mysql2/lib/base/connection.js:475:34)
    at PacketParser.onPacket (/home/injfbzag/nodevenv/api.earn4u.info/14/lib/node_modules/mysql2/lib/base/connection.js:93:12)
    at PacketParser.executeStart (/home/injfbzag/nodevenv/api.earn4u.info/14/lib/node_modules/mysql2/lib/packet_parser.js:75:16)
    at Socket.<anonymous> (/home/injfbzag/nodevenv/api.earn4u.info/14/lib/node_modules/mysql2/lib/base/connection.js:100:25)
    at Socket.emit (events.js:400:28)
    at addChunk (internal/streams/readable.js:293:12)
    at readableAddChunk (internal/streams/readable.js:267:9)
    at Socket.Readable.push (internal/streams/readable.js:206:10)
Error during retrieval: Error: You have an error in your SQL syntax; check the manual that corresponds to your MariaDB server version for the right syntax to use near 'add' at line 1
    at Packet.asError (/home/injfbzag/nodevenv/api.earn4u.info/14/lib/node_modules/mysql2/lib/packets/packet.js:740:17)
    at Query.execute (/home/injfbzag/nodevenv/api.earn4u.info/14/lib/node_modules/mysql2/lib/commands/command.js:29:26)
    at Connection.handlePacket (/home/injfbzag/nodevenv/api.earn4u.info/14/lib/node_modules/mysql2/lib/base/connection.js:475:34)
    at PacketParser.onPacket (/home/injfbzag/nodevenv/api.earn4u.info/14/lib/node_modules/mysql2/lib/base/connection.js:93:12)
    at PacketParser.executeStart (/home/injfbzag/nodevenv/api.earn4u.info/14/lib/node_modules/mysql2/lib/packet_parser.js:75:16)
    at Socket.<anonymous> (/home/injfbzag/nodevenv/api.earn4u.info/14/lib/node_modules/mysql2/lib/base/connection.js:100:25)
    at Socket.emit (events.js:400:28)
    at addChunk (internal/streams/readable.js:293:12)
    at readableAddChunk (internal/streams/readable.js:267:9)
    at Socket.Readable.push (internal/streams/readable.js:206:10) {
  code: 'ER_PARSE_ERROR',
  errno: 1064,
  sqlState: '42000',
  sqlMessage: "You have an error in your SQL syntax; check the manual that corresponds to your MariaDB server version for the right syntax to use near 'add' at line 1",
  sql: 'SELECT * FROM plans where id=add'
}
Error during retrieval: Error: You have an error in your SQL syntax; check the manual that corresponds to your MariaDB server version for the right syntax to use near 'add' at line 1
    at Packet.asError (/home/injfbzag/nodevenv/api.earn4u.info/14/lib/node_modules/mysql2/lib/packets/packet.js:740:17)
    at Query.execute (/home/injfbzag/nodevenv/api.earn4u.info/14/lib/node_modules/mysql2/lib/commands/command.js:29:26)
    at Connection.handlePacket (/home/injfbzag/nodevenv/api.earn4u.info/14/lib/node_modules/mysql2/lib/base/connection.js:475:34)
    at PacketParser.onPacket (/home/injfbzag/nodevenv/api.earn4u.info/14/lib/node_modules/mysql2/lib/base/connection.js:93:12)
    at PacketParser.executeStart (/home/injfbzag/nodevenv/api.earn4u.info/14/lib/node_modules/mysql2/lib/packet_parser.js:75:16)
    at Socket.<anonymous> (/home/injfbzag/nodevenv/api.earn4u.info/14/lib/node_modules/mysql2/lib/base/connection.js:100:25)
    at Socket.emit (events.js:400:28)
    at addChunk (internal/streams/readable.js:293:12)
    at readableAddChunk (internal/streams/readable.js:267:9)
    at Socket.Readable.push (internal/streams/readable.js:206:10) {
  code: 'ER_PARSE_ERROR',
  errno: 1064,
  sqlState: '42000',
  sqlMessage: "You have an error in your SQL syntax; check the manual that corresponds to your MariaDB server version for the right syntax to use near 'add' at line 1",
  sql: 'SELECT * FROM plans where id=add'
}
Error fetching activation_plan: Error: Table 'injfbzag_earn4u.activation_plan' doesn't exist
    at Packet.asError (/home/injfbzag/nodevenv/api.earn4u.info/14/lib/node_modules/mysql2/lib/packets/packet.js:740:17)
    at Query.execute (/home/injfbzag/nodevenv/api.earn4u.info/14/lib/node_modules/mysql2/lib/commands/command.js:29:26)
    at Connection.handlePacket (/home/injfbzag/nodevenv/api.earn4u.info/14/lib/node_modules/mysql2/lib/base/connection.js:475:34)
    at PacketParser.onPacket (/home/injfbzag/nodevenv/api.earn4u.info/14/lib/node_modules/mysql2/lib/base/connection.js:93:12)
    at PacketParser.executeStart (/home/injfbzag/nodevenv/api.earn4u.info/14/lib/node_modules/mysql2/lib/packet_parser.js:75:16)
    at Socket.<anonymous> (/home/injfbzag/nodevenv/api.earn4u.info/14/lib/node_modules/mysql2/lib/base/connection.js:100:25)
    at Socket.emit (events.js:400:28)
    at addChunk (internal/streams/readable.js:293:12)
    at readableAddChunk (internal/streams/readable.js:267:9)
    at Socket.Readable.push (internal/streams/readable.js:206:10) {
  code: 'ER_NO_SUCH_TABLE',
  errno: 1146,
  sqlState: '42S02',
  sqlMessage: "Table 'injfbzag_earn4u.activation_plan' doesn't exist",
  sql: 'SELECT * FROM activation_plan'
}
Error fetching activation_plan: Error: Table 'injfbzag_earn4u.cto' doesn't exist
    at Packet.asError (/home/injfbzag/nodevenv/api.earn4u.info/14/lib/node_modules/mysql2/lib/packets/packet.js:740:17)
    at Query.execute (/home/injfbzag/nodevenv/api.earn4u.info/14/lib/node_modules/mysql2/lib/commands/command.js:29:26)
    at Connection.handlePacket (/home/injfbzag/nodevenv/api.earn4u.info/14/lib/node_modules/mysql2/lib/base/connection.js:475:34)
    at PacketParser.onPacket (/home/injfbzag/nodevenv/api.earn4u.info/14/lib/node_modules/mysql2/lib/base/connection.js:93:12)
    at PacketParser.executeStart (/home/injfbzag/nodevenv/api.earn4u.info/14/lib/node_modules/mysql2/lib/packet_parser.js:75:16)
    at Socket.<anonymous> (/home/injfbzag/nodevenv/api.earn4u.info/14/lib/node_modules/mysql2/lib/base/connection.js:100:25)
    at Socket.emit (events.js:400:28)
    at addChunk (internal/streams/readable.js:293:12)
    at readableAddChunk (internal/streams/readable.js:267:9)
    at Socket.Readable.push (internal/streams/readable.js:206:10) {
  code: 'ER_NO_SUCH_TABLE',
  errno: 1146,
  sqlState: '42S02',
  sqlMessage: "Table 'injfbzag_earn4u.cto' doesn't exist",
  sql: 'SELECT \n' +
    '    c.*,\n' +
    '    u.email AS useremail,\n' +
    '    u.username AS username\n' +
    'FROM \n' +
    '    cto c\n' +
    'LEFT JOIN \n' +
    '    users u ON c.user_id = u.id\n' +
    'WHERE \n' +
    "    c.status = 'qualified';\n" +
    '\n'
}
Error updating ROI incomes: TypeError: Cannot read property 'status' of undefined
    at /home/injfbzag/api.earn4u.info/controllers/CornJobController.js:162:14
    at processTicksAndRejections (internal/process/task_queues.js:95:5)
    at async callAllFunctionsSequentially (/home/injfbzag/api.earn4u.info/controllers/jobController.js:8:5)
User 17 has an invalid reffer_by code: ABCDEF01
User 20 has an invalid reffer_by code: ABCDEF01
Error calculating commissions: TypeError: Cannot read property 'status' of undefined
    at calculateCommissionForAllUsers (/home/injfbzag/api.earn4u.info/controllers/refferalController.js:271:18)
    at processTicksAndRejections (internal/process/task_queues.js:95:5)
    at async callAllFunctionsSequentially (/home/injfbzag/api.earn4u.info/controllers/jobController.js:14:5)
